Determining if the Q_WS_WIN exist failed with the following output:
Change Dir: /home/mystte/rendu/AudioWire/clementine-player/CMakeFiles/CMakeTmp

Run Build Command:/usr/bin/make "cmTryCompileExec/fast"
/usr/bin/make -f CMakeFiles/cmTryCompileExec.dir/build.make CMakeFiles/cmTryCompileExec.dir/build
make[1]: Entering directory `/home/mystte/rendu/AudioWire/clementine-player/CMakeFiles/CMakeTmp'
/usr/bin/cmake -E cmake_progress_report /home/mystte/rendu/AudioWire/clementine-player/CMakeFiles/CMakeTmp/CMakeFiles 1
Building CXX object CMakeFiles/cmTryCompileExec.dir/CheckSymbolExists.cxx.o
/usr/bin/c++    -I/usr/include/qt4    -o CMakeFiles/cmTryCompileExec.dir/CheckSymbolExists.cxx.o -c /home/mystte/rendu/AudioWire/clementine-player/CMakeFiles/CMakeTmp/CheckSymbolExists.cxx
/home/mystte/rendu/AudioWire/clementine-player/CMakeFiles/CMakeTmp/CheckSymbolExists.cxx: In function ‘int main()’:
/home/mystte/rendu/AudioWire/clementine-player/CMakeFiles/CMakeTmp/CheckSymbolExists.cxx:8:25: error: ‘Q_WS_WIN’ was not declared in this scope
make[1]: Leaving directory `/home/mystte/rendu/AudioWire/clementine-player/CMakeFiles/CMakeTmp'
make[1]: *** [CMakeFiles/cmTryCompileExec.dir/CheckSymbolExists.cxx.o] Error 1
make: *** [cmTryCompileExec/fast] Error 2

File /home/mystte/rendu/AudioWire/clementine-player/CMakeFiles/CMakeTmp/CheckSymbolExists.cxx:
/* */
#include <QtCore/qglobal.h>

void cmakeRequireSymbol(int dummy,...){(void)dummy;}
int main()
{
#ifndef Q_WS_WIN
  cmakeRequireSymbol(0,&Q_WS_WIN);
#endif
  return 0;
}

Determining if the Q_WS_QWS exist failed with the following output:
Change Dir: /home/mystte/rendu/AudioWire/clementine-player/CMakeFiles/CMakeTmp

Run Build Command:/usr/bin/make "cmTryCompileExec/fast"
/usr/bin/make -f CMakeFiles/cmTryCompileExec.dir/build.make CMakeFiles/cmTryCompileExec.dir/build
make[1]: Entering directory `/home/mystte/rendu/AudioWire/clementine-player/CMakeFiles/CMakeTmp'
/usr/bin/cmake -E cmake_progress_report /home/mystte/rendu/AudioWire/clementine-player/CMakeFiles/CMakeTmp/CMakeFiles 1
Building CXX object CMakeFiles/cmTryCompileExec.dir/CheckSymbolExists.cxx.o
/usr/bin/c++    -I/usr/include/qt4    -o CMakeFiles/cmTryCompileExec.dir/CheckSymbolExists.cxx.o -c /home/mystte/rendu/AudioWire/clementine-player/CMakeFiles/CMakeTmp/CheckSymbolExists.cxx
/home/mystte/rendu/AudioWire/clementine-player/CMakeFiles/CMakeTmp/CheckSymbolExists.cxx: In function ‘int main()’:
/home/mystte/rendu/AudioWire/clementine-player/CMakeFiles/CMakeTmp/CheckSymbolExists.cxx:8:25: error: ‘Q_WS_QWS’ was not declared in this scope
make[1]: Leaving directory `/home/mystte/rendu/AudioWire/clementine-player/CMakeFiles/CMakeTmp'
make[1]: *** [CMakeFiles/cmTryCompileExec.dir/CheckSymbolExists.cxx.o] Error 1
make: *** [cmTryCompileExec/fast] Error 2

File /home/mystte/rendu/AudioWire/clementine-player/CMakeFiles/CMakeTmp/CheckSymbolExists.cxx:
/* */
#include <QtCore/qglobal.h>

void cmakeRequireSymbol(int dummy,...){(void)dummy;}
int main()
{
#ifndef Q_WS_QWS
  cmakeRequireSymbol(0,&Q_WS_QWS);
#endif
  return 0;
}

Determining if the Q_WS_MAC exist failed with the following output:
Change Dir: /home/mystte/rendu/AudioWire/clementine-player/CMakeFiles/CMakeTmp

Run Build Command:/usr/bin/make "cmTryCompileExec/fast"
/usr/bin/make -f CMakeFiles/cmTryCompileExec.dir/build.make CMakeFiles/cmTryCompileExec.dir/build
make[1]: Entering directory `/home/mystte/rendu/AudioWire/clementine-player/CMakeFiles/CMakeTmp'
/usr/bin/cmake -E cmake_progress_report /home/mystte/rendu/AudioWire/clementine-player/CMakeFiles/CMakeTmp/CMakeFiles 1
Building CXX object CMakeFiles/cmTryCompileExec.dir/CheckSymbolExists.cxx.o
/usr/bin/c++    -I/usr/include/qt4    -o CMakeFiles/cmTryCompileExec.dir/CheckSymbolExists.cxx.o -c /home/mystte/rendu/AudioWire/clementine-player/CMakeFiles/CMakeTmp/CheckSymbolExists.cxx
/home/mystte/rendu/AudioWire/clementine-player/CMakeFiles/CMakeTmp/CheckSymbolExists.cxx: In function ‘int main()’:
/home/mystte/rendu/AudioWire/clementine-player/CMakeFiles/CMakeTmp/CheckSymbolExists.cxx:8:25: error: ‘Q_WS_MAC’ was not declared in this scope
make[1]: Leaving directory `/home/mystte/rendu/AudioWire/clementine-player/CMakeFiles/CMakeTmp'
make[1]: *** [CMakeFiles/cmTryCompileExec.dir/CheckSymbolExists.cxx.o] Error 1
make: *** [cmTryCompileExec/fast] Error 2

File /home/mystte/rendu/AudioWire/clementine-player/CMakeFiles/CMakeTmp/CheckSymbolExists.cxx:
/* */
#include <QtCore/qglobal.h>

void cmakeRequireSymbol(int dummy,...){(void)dummy;}
int main()
{
#ifndef Q_WS_MAC
  cmakeRequireSymbol(0,&Q_WS_MAC);
#endif
  return 0;
}

Determining if the function pthread_create exists in the pthreads failed with the following output:
Change Dir: /home/mystte/rendu/AudioWire/clementine-player/CMakeFiles/CMakeTmp

Run Build Command:/usr/bin/make "cmTryCompileExec/fast"
/usr/bin/make -f CMakeFiles/cmTryCompileExec.dir/build.make CMakeFiles/cmTryCompileExec.dir/build
make[1]: Entering directory `/home/mystte/rendu/AudioWire/clementine-player/CMakeFiles/CMakeTmp'
/usr/bin/cmake -E cmake_progress_report /home/mystte/rendu/AudioWire/clementine-player/CMakeFiles/CMakeTmp/CMakeFiles 1
Building C object CMakeFiles/cmTryCompileExec.dir/CheckFunctionExists.c.o
/usr/bin/gcc   -DCHECK_FUNCTION_EXISTS=pthread_create   -o CMakeFiles/cmTryCompileExec.dir/CheckFunctionExists.c.o   -c /usr/share/cmake-2.8/Modules/CheckFunctionExists.c
Linking C executable cmTryCompileExec
/usr/bin/cmake -E cmake_link_script CMakeFiles/cmTryCompileExec.dir/link.txt --verbose=1
/usr/bin/gcc     -DCHECK_FUNCTION_EXISTS=pthread_create    CMakeFiles/cmTryCompileExec.dir/CheckFunctionExists.c.o  -o cmTryCompileExec -rdynamic -lpthreads 
/usr/bin/ld: cannot find -lpthreads
collect2: ld returned 1 exit status
make[1]: Leaving directory `/home/mystte/rendu/AudioWire/clementine-player/CMakeFiles/CMakeTmp'
make[1]: *** [cmTryCompileExec] Error 1
make: *** [cmTryCompileExec/fast] Error 2


Determining if the Q_WS_WIN exist failed with the following output:
Change Dir: /home/mystte/rendu/AudioWire/audiowire/Perso/Player/CMakeFiles/CMakeTmp

Run Build Command:/usr/bin/make "cmTryCompileExec/fast"
/usr/bin/make -f CMakeFiles/cmTryCompileExec.dir/build.make CMakeFiles/cmTryCompileExec.dir/build
make[1]: Entering directory `/home/mystte/rendu/AudioWire/audiowire/Perso/Player/CMakeFiles/CMakeTmp'
/usr/bin/cmake -E cmake_progress_report /home/mystte/rendu/AudioWire/audiowire/Perso/Player/CMakeFiles/CMakeTmp/CMakeFiles 1
Building CXX object CMakeFiles/cmTryCompileExec.dir/CheckSymbolExists.cxx.o
/usr/bin/c++    -I/usr/include/qt4    -o CMakeFiles/cmTryCompileExec.dir/CheckSymbolExists.cxx.o -c /home/mystte/rendu/AudioWire/audiowire/Perso/Player/CMakeFiles/CMakeTmp/CheckSymbolExists.cxx
/home/mystte/rendu/AudioWire/audiowire/Perso/Player/CMakeFiles/CMakeTmp/CheckSymbolExists.cxx: In function ‘int main()’:
/home/mystte/rendu/AudioWire/audiowire/Perso/Player/CMakeFiles/CMakeTmp/CheckSymbolExists.cxx:8:25: error: ‘Q_WS_WIN’ was not declared in this scope
make[1]: Leaving directory `/home/mystte/rendu/AudioWire/audiowire/Perso/Player/CMakeFiles/CMakeTmp'
make[1]: *** [CMakeFiles/cmTryCompileExec.dir/CheckSymbolExists.cxx.o] Error 1
make: *** [cmTryCompileExec/fast] Error 2

File /home/mystte/rendu/AudioWire/audiowire/Perso/Player/CMakeFiles/CMakeTmp/CheckSymbolExists.cxx:
/* */
#include <QtCore/qglobal.h>

void cmakeRequireSymbol(int dummy,...){(void)dummy;}
int main()
{
#ifndef Q_WS_WIN
  cmakeRequireSymbol(0,&Q_WS_WIN);
#endif
  return 0;
}

Determining if the Q_WS_QWS exist failed with the following output:
Change Dir: /home/mystte/rendu/AudioWire/audiowire/Perso/Player/CMakeFiles/CMakeTmp

Run Build Command:/usr/bin/make "cmTryCompileExec/fast"
/usr/bin/make -f CMakeFiles/cmTryCompileExec.dir/build.make CMakeFiles/cmTryCompileExec.dir/build
make[1]: Entering directory `/home/mystte/rendu/AudioWire/audiowire/Perso/Player/CMakeFiles/CMakeTmp'
/usr/bin/cmake -E cmake_progress_report /home/mystte/rendu/AudioWire/audiowire/Perso/Player/CMakeFiles/CMakeTmp/CMakeFiles 1
Building CXX object CMakeFiles/cmTryCompileExec.dir/CheckSymbolExists.cxx.o
/usr/bin/c++    -I/usr/include/qt4    -o CMakeFiles/cmTryCompileExec.dir/CheckSymbolExists.cxx.o -c /home/mystte/rendu/AudioWire/audiowire/Perso/Player/CMakeFiles/CMakeTmp/CheckSymbolExists.cxx
/home/mystte/rendu/AudioWire/audiowire/Perso/Player/CMakeFiles/CMakeTmp/CheckSymbolExists.cxx: In function ‘int main()’:
/home/mystte/rendu/AudioWire/audiowire/Perso/Player/CMakeFiles/CMakeTmp/CheckSymbolExists.cxx:8:25: error: ‘Q_WS_QWS’ was not declared in this scope
make[1]: Leaving directory `/home/mystte/rendu/AudioWire/audiowire/Perso/Player/CMakeFiles/CMakeTmp'
make[1]: *** [CMakeFiles/cmTryCompileExec.dir/CheckSymbolExists.cxx.o] Error 1
make: *** [cmTryCompileExec/fast] Error 2

File /home/mystte/rendu/AudioWire/audiowire/Perso/Player/CMakeFiles/CMakeTmp/CheckSymbolExists.cxx:
/* */
#include <QtCore/qglobal.h>

void cmakeRequireSymbol(int dummy,...){(void)dummy;}
int main()
{
#ifndef Q_WS_QWS
  cmakeRequireSymbol(0,&Q_WS_QWS);
#endif
  return 0;
}

Determining if the Q_WS_MAC exist failed with the following output:
Change Dir: /home/mystte/rendu/AudioWire/audiowire/Perso/Player/CMakeFiles/CMakeTmp

Run Build Command:/usr/bin/make "cmTryCompileExec/fast"
/usr/bin/make -f CMakeFiles/cmTryCompileExec.dir/build.make CMakeFiles/cmTryCompileExec.dir/build
make[1]: Entering directory `/home/mystte/rendu/AudioWire/audiowire/Perso/Player/CMakeFiles/CMakeTmp'
/usr/bin/cmake -E cmake_progress_report /home/mystte/rendu/AudioWire/audiowire/Perso/Player/CMakeFiles/CMakeTmp/CMakeFiles 1
Building CXX object CMakeFiles/cmTryCompileExec.dir/CheckSymbolExists.cxx.o
/usr/bin/c++    -I/usr/include/qt4    -o CMakeFiles/cmTryCompileExec.dir/CheckSymbolExists.cxx.o -c /home/mystte/rendu/AudioWire/audiowire/Perso/Player/CMakeFiles/CMakeTmp/CheckSymbolExists.cxx
/home/mystte/rendu/AudioWire/audiowire/Perso/Player/CMakeFiles/CMakeTmp/CheckSymbolExists.cxx: In function ‘int main()’:
/home/mystte/rendu/AudioWire/audiowire/Perso/Player/CMakeFiles/CMakeTmp/CheckSymbolExists.cxx:8:25: error: ‘Q_WS_MAC’ was not declared in this scope
make[1]: Leaving directory `/home/mystte/rendu/AudioWire/audiowire/Perso/Player/CMakeFiles/CMakeTmp'
make[1]: *** [CMakeFiles/cmTryCompileExec.dir/CheckSymbolExists.cxx.o] Error 1
make: *** [cmTryCompileExec/fast] Error 2

File /home/mystte/rendu/AudioWire/audiowire/Perso/Player/CMakeFiles/CMakeTmp/CheckSymbolExists.cxx:
/* */
#include <QtCore/qglobal.h>

void cmakeRequireSymbol(int dummy,...){(void)dummy;}
int main()
{
#ifndef Q_WS_MAC
  cmakeRequireSymbol(0,&Q_WS_MAC);
#endif
  return 0;
}

Determining if the function pthread_create exists in the pthreads failed with the following output:
Change Dir: /home/mystte/rendu/AudioWire/audiowire/Perso/Player/CMakeFiles/CMakeTmp

Run Build Command:/usr/bin/make "cmTryCompileExec/fast"
/usr/bin/make -f CMakeFiles/cmTryCompileExec.dir/build.make CMakeFiles/cmTryCompileExec.dir/build
make[1]: Entering directory `/home/mystte/rendu/AudioWire/audiowire/Perso/Player/CMakeFiles/CMakeTmp'
/usr/bin/cmake -E cmake_progress_report /home/mystte/rendu/AudioWire/audiowire/Perso/Player/CMakeFiles/CMakeTmp/CMakeFiles 1
Building C object CMakeFiles/cmTryCompileExec.dir/CheckFunctionExists.c.o
/usr/bin/gcc   -DCHECK_FUNCTION_EXISTS=pthread_create   -o CMakeFiles/cmTryCompileExec.dir/CheckFunctionExists.c.o   -c /usr/share/cmake-2.8/Modules/CheckFunctionExists.c
Linking C executable cmTryCompileExec
/usr/bin/cmake -E cmake_link_script CMakeFiles/cmTryCompileExec.dir/link.txt --verbose=1
/usr/bin/gcc     -DCHECK_FUNCTION_EXISTS=pthread_create    CMakeFiles/cmTryCompileExec.dir/CheckFunctionExists.c.o  -o cmTryCompileExec -rdynamic -lpthreads 
/usr/bin/ld: cannot find -lpthreads
collect2: ld returned 1 exit status
make[1]: Leaving directory `/home/mystte/rendu/AudioWire/audiowire/Perso/Player/CMakeFiles/CMakeTmp'
make[1]: *** [cmTryCompileExec] Error 1
make: *** [cmTryCompileExec/fast] Error 2


Determining if the Q_WS_WIN exist failed with the following output:
Change Dir: /home/mystte/rendu/AudioWire/audiowire/Perso/Player/CMakeFiles/CMakeTmp

Run Build Command:/usr/bin/make "cmTryCompileExec/fast"
/usr/bin/make -f CMakeFiles/cmTryCompileExec.dir/build.make CMakeFiles/cmTryCompileExec.dir/build
make[1]: Entering directory `/home/mystte/rendu/AudioWire/audiowire/Perso/Player/CMakeFiles/CMakeTmp'
/usr/bin/cmake -E cmake_progress_report /home/mystte/rendu/AudioWire/audiowire/Perso/Player/CMakeFiles/CMakeTmp/CMakeFiles 1
Building CXX object CMakeFiles/cmTryCompileExec.dir/CheckSymbolExists.cxx.o
/usr/bin/c++    -I/usr/include/qt4    -o CMakeFiles/cmTryCompileExec.dir/CheckSymbolExists.cxx.o -c /home/mystte/rendu/AudioWire/audiowire/Perso/Player/CMakeFiles/CMakeTmp/CheckSymbolExists.cxx
/home/mystte/rendu/AudioWire/audiowire/Perso/Player/CMakeFiles/CMakeTmp/CheckSymbolExists.cxx: In function ‘int main()’:
/home/mystte/rendu/AudioWire/audiowire/Perso/Player/CMakeFiles/CMakeTmp/CheckSymbolExists.cxx:8:25: error: ‘Q_WS_WIN’ was not declared in this scope
make[1]: Leaving directory `/home/mystte/rendu/AudioWire/audiowire/Perso/Player/CMakeFiles/CMakeTmp'
make[1]: *** [CMakeFiles/cmTryCompileExec.dir/CheckSymbolExists.cxx.o] Error 1
make: *** [cmTryCompileExec/fast] Error 2

File /home/mystte/rendu/AudioWire/audiowire/Perso/Player/CMakeFiles/CMakeTmp/CheckSymbolExists.cxx:
/* */
#include <QtCore/qglobal.h>

void cmakeRequireSymbol(int dummy,...){(void)dummy;}
int main()
{
#ifndef Q_WS_WIN
  cmakeRequireSymbol(0,&Q_WS_WIN);
#endif
  return 0;
}

Determining if the Q_WS_QWS exist failed with the following output:
Change Dir: /home/mystte/rendu/AudioWire/audiowire/Perso/Player/CMakeFiles/CMakeTmp

Run Build Command:/usr/bin/make "cmTryCompileExec/fast"
/usr/bin/make -f CMakeFiles/cmTryCompileExec.dir/build.make CMakeFiles/cmTryCompileExec.dir/build
make[1]: Entering directory `/home/mystte/rendu/AudioWire/audiowire/Perso/Player/CMakeFiles/CMakeTmp'
/usr/bin/cmake -E cmake_progress_report /home/mystte/rendu/AudioWire/audiowire/Perso/Player/CMakeFiles/CMakeTmp/CMakeFiles 1
Building CXX object CMakeFiles/cmTryCompileExec.dir/CheckSymbolExists.cxx.o
/usr/bin/c++    -I/usr/include/qt4    -o CMakeFiles/cmTryCompileExec.dir/CheckSymbolExists.cxx.o -c /home/mystte/rendu/AudioWire/audiowire/Perso/Player/CMakeFiles/CMakeTmp/CheckSymbolExists.cxx
/home/mystte/rendu/AudioWire/audiowire/Perso/Player/CMakeFiles/CMakeTmp/CheckSymbolExists.cxx: In function ‘int main()’:
/home/mystte/rendu/AudioWire/audiowire/Perso/Player/CMakeFiles/CMakeTmp/CheckSymbolExists.cxx:8:25: error: ‘Q_WS_QWS’ was not declared in this scope
make[1]: Leaving directory `/home/mystte/rendu/AudioWire/audiowire/Perso/Player/CMakeFiles/CMakeTmp'
make[1]: *** [CMakeFiles/cmTryCompileExec.dir/CheckSymbolExists.cxx.o] Error 1
make: *** [cmTryCompileExec/fast] Error 2

File /home/mystte/rendu/AudioWire/audiowire/Perso/Player/CMakeFiles/CMakeTmp/CheckSymbolExists.cxx:
/* */
#include <QtCore/qglobal.h>

void cmakeRequireSymbol(int dummy,...){(void)dummy;}
int main()
{
#ifndef Q_WS_QWS
  cmakeRequireSymbol(0,&Q_WS_QWS);
#endif
  return 0;
}

Determining if the Q_WS_MAC exist failed with the following output:
Change Dir: /home/mystte/rendu/AudioWire/audiowire/Perso/Player/CMakeFiles/CMakeTmp

Run Build Command:/usr/bin/make "cmTryCompileExec/fast"
/usr/bin/make -f CMakeFiles/cmTryCompileExec.dir/build.make CMakeFiles/cmTryCompileExec.dir/build
make[1]: Entering directory `/home/mystte/rendu/AudioWire/audiowire/Perso/Player/CMakeFiles/CMakeTmp'
/usr/bin/cmake -E cmake_progress_report /home/mystte/rendu/AudioWire/audiowire/Perso/Player/CMakeFiles/CMakeTmp/CMakeFiles 1
Building CXX object CMakeFiles/cmTryCompileExec.dir/CheckSymbolExists.cxx.o
/usr/bin/c++    -I/usr/include/qt4    -o CMakeFiles/cmTryCompileExec.dir/CheckSymbolExists.cxx.o -c /home/mystte/rendu/AudioWire/audiowire/Perso/Player/CMakeFiles/CMakeTmp/CheckSymbolExists.cxx
/home/mystte/rendu/AudioWire/audiowire/Perso/Player/CMakeFiles/CMakeTmp/CheckSymbolExists.cxx: In function ‘int main()’:
/home/mystte/rendu/AudioWire/audiowire/Perso/Player/CMakeFiles/CMakeTmp/CheckSymbolExists.cxx:8:25: error: ‘Q_WS_MAC’ was not declared in this scope
make[1]: Leaving directory `/home/mystte/rendu/AudioWire/audiowire/Perso/Player/CMakeFiles/CMakeTmp'
make[1]: *** [CMakeFiles/cmTryCompileExec.dir/CheckSymbolExists.cxx.o] Error 1
make: *** [cmTryCompileExec/fast] Error 2

File /home/mystte/rendu/AudioWire/audiowire/Perso/Player/CMakeFiles/CMakeTmp/CheckSymbolExists.cxx:
/* */
#include <QtCore/qglobal.h>

void cmakeRequireSymbol(int dummy,...){(void)dummy;}
int main()
{
#ifndef Q_WS_MAC
  cmakeRequireSymbol(0,&Q_WS_MAC);
#endif
  return 0;
}

Determining if the function pthread_create exists in the pthreads failed with the following output:
Change Dir: /home/mystte/rendu/AudioWire/audiowire/Perso/Player/CMakeFiles/CMakeTmp

Run Build Command:/usr/bin/make "cmTryCompileExec/fast"
/usr/bin/make -f CMakeFiles/cmTryCompileExec.dir/build.make CMakeFiles/cmTryCompileExec.dir/build
make[1]: Entering directory `/home/mystte/rendu/AudioWire/audiowire/Perso/Player/CMakeFiles/CMakeTmp'
/usr/bin/cmake -E cmake_progress_report /home/mystte/rendu/AudioWire/audiowire/Perso/Player/CMakeFiles/CMakeTmp/CMakeFiles 1
Building C object CMakeFiles/cmTryCompileExec.dir/CheckFunctionExists.c.o
/usr/bin/gcc   -DCHECK_FUNCTION_EXISTS=pthread_create   -o CMakeFiles/cmTryCompileExec.dir/CheckFunctionExists.c.o   -c /usr/share/cmake-2.8/Modules/CheckFunctionExists.c
Linking C executable cmTryCompileExec
/usr/bin/cmake -E cmake_link_script CMakeFiles/cmTryCompileExec.dir/link.txt --verbose=1
/usr/bin/gcc     -DCHECK_FUNCTION_EXISTS=pthread_create    CMakeFiles/cmTryCompileExec.dir/CheckFunctionExists.c.o  -o cmTryCompileExec -rdynamic -lpthreads 
/usr/bin/ld: cannot find -lpthreads
collect2: ld returned 1 exit status
make[1]: Leaving directory `/home/mystte/rendu/AudioWire/audiowire/Perso/Player/CMakeFiles/CMakeTmp'
make[1]: *** [cmTryCompileExec] Error 1
make: *** [cmTryCompileExec/fast] Error 2


Determining if the Q_WS_WIN exist failed with the following output:
Change Dir: /home/mystte/rendu/audiowire/Perso/Player/CMakeFiles/CMakeTmp

Run Build Command:/usr/bin/make "cmTryCompileExec1584144404/fast"
/usr/bin/make -f CMakeFiles/cmTryCompileExec1584144404.dir/build.make CMakeFiles/cmTryCompileExec1584144404.dir/build
make[1]: Entering directory `/home/mystte/rendu/audiowire/Perso/Player/CMakeFiles/CMakeTmp'
/usr/bin/cmake -E cmake_progress_report /home/mystte/rendu/audiowire/Perso/Player/CMakeFiles/CMakeTmp/CMakeFiles 1
Building CXX object CMakeFiles/cmTryCompileExec1584144404.dir/CheckSymbolExists.cxx.o
/usr/bin/c++    -I/usr/include/qt4    -o CMakeFiles/cmTryCompileExec1584144404.dir/CheckSymbolExists.cxx.o -c /home/mystte/rendu/audiowire/Perso/Player/CMakeFiles/CMakeTmp/CheckSymbolExists.cxx
/home/mystte/rendu/audiowire/Perso/Player/CMakeFiles/CMakeTmp/CheckSymbolExists.cxx: In function ‘int main(int, char**)’:
/home/mystte/rendu/audiowire/Perso/Player/CMakeFiles/CMakeTmp/CheckSymbolExists.cxx:8:19: error: ‘Q_WS_WIN’ was not declared in this scope
make[1]: Leaving directory `/home/mystte/rendu/audiowire/Perso/Player/CMakeFiles/CMakeTmp'
make[1]: *** [CMakeFiles/cmTryCompileExec1584144404.dir/CheckSymbolExists.cxx.o] Error 1
make: *** [cmTryCompileExec1584144404/fast] Error 2

File /home/mystte/rendu/audiowire/Perso/Player/CMakeFiles/CMakeTmp/CheckSymbolExists.cxx:
/* */
#include <QtCore/qglobal.h>

int main(int argc, char** argv)
{
  (void)argv;
#ifndef Q_WS_WIN
  return ((int*)(&Q_WS_WIN))[argc];
#else
  (void)argc;
  return 0;
#endif
}

Determining if the Q_WS_QWS exist failed with the following output:
Change Dir: /home/mystte/rendu/audiowire/Perso/Player/CMakeFiles/CMakeTmp

Run Build Command:/usr/bin/make "cmTryCompileExec3563099033/fast"
/usr/bin/make -f CMakeFiles/cmTryCompileExec3563099033.dir/build.make CMakeFiles/cmTryCompileExec3563099033.dir/build
make[1]: Entering directory `/home/mystte/rendu/audiowire/Perso/Player/CMakeFiles/CMakeTmp'
/usr/bin/cmake -E cmake_progress_report /home/mystte/rendu/audiowire/Perso/Player/CMakeFiles/CMakeTmp/CMakeFiles 1
Building CXX object CMakeFiles/cmTryCompileExec3563099033.dir/CheckSymbolExists.cxx.o
/usr/bin/c++    -I/usr/include/qt4    -o CMakeFiles/cmTryCompileExec3563099033.dir/CheckSymbolExists.cxx.o -c /home/mystte/rendu/audiowire/Perso/Player/CMakeFiles/CMakeTmp/CheckSymbolExists.cxx
/home/mystte/rendu/audiowire/Perso/Player/CMakeFiles/CMakeTmp/CheckSymbolExists.cxx: In function ‘int main(int, char**)’:
/home/mystte/rendu/audiowire/Perso/Player/CMakeFiles/CMakeTmp/CheckSymbolExists.cxx:8:19: error: ‘Q_WS_QWS’ was not declared in this scope
make[1]: Leaving directory `/home/mystte/rendu/audiowire/Perso/Player/CMakeFiles/CMakeTmp'
make[1]: *** [CMakeFiles/cmTryCompileExec3563099033.dir/CheckSymbolExists.cxx.o] Error 1
make: *** [cmTryCompileExec3563099033/fast] Error 2

File /home/mystte/rendu/audiowire/Perso/Player/CMakeFiles/CMakeTmp/CheckSymbolExists.cxx:
/* */
#include <QtCore/qglobal.h>

int main(int argc, char** argv)
{
  (void)argv;
#ifndef Q_WS_QWS
  return ((int*)(&Q_WS_QWS))[argc];
#else
  (void)argc;
  return 0;
#endif
}

Determining if the Q_WS_MAC exist failed with the following output:
Change Dir: /home/mystte/rendu/audiowire/Perso/Player/CMakeFiles/CMakeTmp

Run Build Command:/usr/bin/make "cmTryCompileExec1915284446/fast"
/usr/bin/make -f CMakeFiles/cmTryCompileExec1915284446.dir/build.make CMakeFiles/cmTryCompileExec1915284446.dir/build
make[1]: Entering directory `/home/mystte/rendu/audiowire/Perso/Player/CMakeFiles/CMakeTmp'
/usr/bin/cmake -E cmake_progress_report /home/mystte/rendu/audiowire/Perso/Player/CMakeFiles/CMakeTmp/CMakeFiles 1
Building CXX object CMakeFiles/cmTryCompileExec1915284446.dir/CheckSymbolExists.cxx.o
/usr/bin/c++    -I/usr/include/qt4    -o CMakeFiles/cmTryCompileExec1915284446.dir/CheckSymbolExists.cxx.o -c /home/mystte/rendu/audiowire/Perso/Player/CMakeFiles/CMakeTmp/CheckSymbolExists.cxx
/home/mystte/rendu/audiowire/Perso/Player/CMakeFiles/CMakeTmp/CheckSymbolExists.cxx: In function ‘int main(int, char**)’:
/home/mystte/rendu/audiowire/Perso/Player/CMakeFiles/CMakeTmp/CheckSymbolExists.cxx:8:19: error: ‘Q_WS_MAC’ was not declared in this scope
make[1]: Leaving directory `/home/mystte/rendu/audiowire/Perso/Player/CMakeFiles/CMakeTmp'
make[1]: *** [CMakeFiles/cmTryCompileExec1915284446.dir/CheckSymbolExists.cxx.o] Error 1
make: *** [cmTryCompileExec1915284446/fast] Error 2

File /home/mystte/rendu/audiowire/Perso/Player/CMakeFiles/CMakeTmp/CheckSymbolExists.cxx:
/* */
#include <QtCore/qglobal.h>

int main(int argc, char** argv)
{
  (void)argv;
#ifndef Q_WS_MAC
  return ((int*)(&Q_WS_MAC))[argc];
#else
  (void)argc;
  return 0;
#endif
}

Determining if the pthread_create exist failed with the following output:
Change Dir: /home/mystte/rendu/audiowire/Perso/Player/CMakeFiles/CMakeTmp

Run Build Command:/usr/bin/make "cmTryCompileExec2265883308/fast"
/usr/bin/make -f CMakeFiles/cmTryCompileExec2265883308.dir/build.make CMakeFiles/cmTryCompileExec2265883308.dir/build
make[1]: Entering directory `/home/mystte/rendu/audiowire/Perso/Player/CMakeFiles/CMakeTmp'
/usr/bin/cmake -E cmake_progress_report /home/mystte/rendu/audiowire/Perso/Player/CMakeFiles/CMakeTmp/CMakeFiles 1
Building C object CMakeFiles/cmTryCompileExec2265883308.dir/CheckSymbolExists.c.o
/usr/bin/gcc    -o CMakeFiles/cmTryCompileExec2265883308.dir/CheckSymbolExists.c.o   -c /home/mystte/rendu/audiowire/Perso/Player/CMakeFiles/CMakeTmp/CheckSymbolExists.c
Linking C executable cmTryCompileExec2265883308
/usr/bin/cmake -E cmake_link_script CMakeFiles/cmTryCompileExec2265883308.dir/link.txt --verbose=1
/usr/bin/gcc         CMakeFiles/cmTryCompileExec2265883308.dir/CheckSymbolExists.c.o  -o cmTryCompileExec2265883308 -rdynamic 
CMakeFiles/cmTryCompileExec2265883308.dir/CheckSymbolExists.c.o: In function `main':
CheckSymbolExists.c:(.text+0xa): undefined reference to `pthread_create'
make[1]: Leaving directory `/home/mystte/rendu/audiowire/Perso/Player/CMakeFiles/CMakeTmp'
collect2: error: ld returned 1 exit status
make[1]: *** [cmTryCompileExec2265883308] Error 1
make: *** [cmTryCompileExec2265883308/fast] Error 2

File /home/mystte/rendu/audiowire/Perso/Player/CMakeFiles/CMakeTmp/CheckSymbolExists.c:
/* */
#include <pthread.h>

int main(int argc, char** argv)
{
  (void)argv;
#ifndef pthread_create
  return ((int*)(&pthread_create))[argc];
#else
  (void)argc;
  return 0;
#endif
}

Determining if the function pthread_create exists in the pthreads failed with the following output:
Change Dir: /home/mystte/rendu/audiowire/Perso/Player/CMakeFiles/CMakeTmp

Run Build Command:/usr/bin/make "cmTryCompileExec2166303440/fast"
/usr/bin/make -f CMakeFiles/cmTryCompileExec2166303440.dir/build.make CMakeFiles/cmTryCompileExec2166303440.dir/build
make[1]: Entering directory `/home/mystte/rendu/audiowire/Perso/Player/CMakeFiles/CMakeTmp'
/usr/bin/cmake -E cmake_progress_report /home/mystte/rendu/audiowire/Perso/Player/CMakeFiles/CMakeTmp/CMakeFiles 1
Building C object CMakeFiles/cmTryCompileExec2166303440.dir/CheckFunctionExists.c.o
/usr/bin/gcc   -DCHECK_FUNCTION_EXISTS=pthread_create   -o CMakeFiles/cmTryCompileExec2166303440.dir/CheckFunctionExists.c.o   -c /usr/share/cmake-2.8/Modules/CheckFunctionExists.c
Linking C executable cmTryCompileExec2166303440
/usr/bin/cmake -E cmake_link_script CMakeFiles/cmTryCompileExec2166303440.dir/link.txt --verbose=1
/usr/bin/gcc     -DCHECK_FUNCTION_EXISTS=pthread_create    CMakeFiles/cmTryCompileExec2166303440.dir/CheckFunctionExists.c.o  -o cmTryCompileExec2166303440 -rdynamic -lpthreads 
/usr/bin/ld: cannot find -lpthreads
collect2: error: ld returned 1 exit status
make[1]: Leaving directory `/home/mystte/rendu/audiowire/Perso/Player/CMakeFiles/CMakeTmp'
make[1]: *** [cmTryCompileExec2166303440] Error 1
make: *** [cmTryCompileExec2166303440/fast] Error 2


