2013-08-25 18:03:30 [INFO] Starting minecraft server version 1.6.2
2013-08-25 18:03:30 [INFO] MinecraftForge v
2013-08-25 18:03:30 [INFO] 9.10.0.836
2013-08-25 18:03:30 [INFO]  Initialized

2013-08-25 18:03:30 [INFO] Replaced 101 ore recipies
2013-08-25 18:03:32 [INFO] Loading properties
2013-08-25 18:03:32 [WARNING] server.properties does not exist
2013-08-25 18:03:32 [INFO] Generating new properties file
2013-08-25 18:03:32 [INFO] Default game type: SURVIVAL
2013-08-25 18:03:32 [INFO] Generating keypair
2013-08-25 18:03:32 [INFO] Starting Minecraft server on *:25565
2013-08-25 18:03:33 [INFO] This server is running CraftBukkit version git-MCPC-Plus-jenkins-MCPC-Plus-56 (MC: 1.6.2) (Implementing API version 1.6.2-R0.2-SNAPSHOT)
2013-08-25 18:03:33 [WARNING] Failed to load operators list: java.io.FileNotFoundException: ./ops.txt (Aucun fichier ou dossier de ce type)
2013-08-25 18:03:33 [WARNING] Failed to load white-list: java.io.FileNotFoundException: ./white-list.txt (Aucun fichier ou dossier de ce type)
2013-08-25 18:03:33 [INFO] Preparing level "world"
2013-08-25 18:03:33 [INFO] Registered command debug with permission node vanilla.command.debug
2013-08-25 18:03:33 [INFO] Registered command spreadplayers with permission node vanilla.command.spreadplayers
2013-08-25 18:03:33 [INFO] Registered command playsound with permission node vanilla.command.playsound
2013-08-25 18:03:33 [INFO] Registered command scoreboard with permission node vanilla.command.scoreboard
2013-08-25 18:03:34 [INFO] Preparing start region for level 0 (Dimension: 0, Seed: 7907306551714281285)
2013-08-25 18:03:35 [INFO] Preparing spawn area: 5%
2013-08-25 18:03:36 [INFO] Preparing spawn area: 17%
2013-08-25 18:03:37 [INFO] Preparing spawn area: 35%
2013-08-25 18:03:38 [INFO] Preparing spawn area: 54%
2013-08-25 18:03:39 [INFO] Preparing spawn area: 70%
2013-08-25 18:03:40 [INFO] Preparing spawn area: 86%
2013-08-25 18:03:41 [INFO] Preparing start region for level 1 (Dimension: 1, Seed: 7907306551714281285)
2013-08-25 18:03:42 [INFO] Preparing spawn area: 60%
2013-08-25 18:03:42 [INFO] Preparing start region for level 2 (Dimension: -1, Seed: 7907306551714281285)
2013-08-25 18:03:43 [INFO] Preparing spawn area: 19%
2013-08-25 18:03:44 [INFO] Preparing spawn area: 40%
2013-08-25 18:03:45 [INFO] Preparing spawn area: 61%
2013-08-25 18:03:46 [INFO] Preparing spawn area: 82%
2013-08-25 18:03:47 [INFO] Done (13,949s)! For help, type "help" or "?"
2013-08-25 18:04:42 [SEVERE] Reached end of stream for /92.155.198.4
2013-08-25 18:04:47 [INFO] mystt[/92.155.198.4:52328] logged in with entity id 5739 at ([world] 249.5, 71.0, 246.5)
2013-08-25 18:05:07 [INFO] Connection reset
2013-08-25 18:05:07 [INFO] mystt lost connection: disconnect.endOfStream
2013-08-25 18:05:07 [INFO] §emystt left the game.
2013-08-25 18:12:06 [INFO] Starting minecraft server version 1.6.2
2013-08-25 18:12:06 [INFO] MinecraftForge v
2013-08-25 18:12:06 [INFO] 9.10.0.836
2013-08-25 18:12:06 [INFO]  Initialized

2013-08-25 18:12:06 [INFO] Replaced 101 ore recipies
2013-08-25 18:12:08 [INFO] Loading properties
2013-08-25 18:12:08 [INFO] Default game type: SURVIVAL
2013-08-25 18:12:08 [INFO] Generating keypair
2013-08-25 18:12:08 [INFO] Starting Minecraft server on *:25565
2013-08-25 18:12:08 [INFO] This server is running CraftBukkit version git-MCPC-Plus-jenkins-MCPC-Plus-56 (MC: 1.6.2) (Implementing API version 1.6.2-R0.2-SNAPSHOT)
2013-08-25 18:12:09 [WARNING] **** SERVER IS RUNNING IN OFFLINE/INSECURE MODE!
2013-08-25 18:12:09 [WARNING] The server will make no attempt to authenticate usernames. Beware.
2013-08-25 18:12:09 [WARNING] While this makes the game possible to play without internet access, it also opens up the ability for hackers to connect with any username they choose.
2013-08-25 18:12:09 [WARNING] To change this, set "online-mode" to "true" in the server.properties file.
2013-08-25 18:12:09 [INFO] YMTLib-CfgFile load from: ./config/mod_YMTLib.txt
2013-08-25 18:12:09 [INFO] YMTLib-CfgFile load from: ./config/mod_HariboteAirCraft.txt
2013-08-25 18:12:09 [SEVERE] java.lang.NoClassDefFoundError: net/minecraft/client/settings/KeyBinding
2013-08-25 18:12:09 [SEVERE] 	at mod.ymt.air.ClientKeyBinder.<init>(ClientKeyBinder.java:27)
2013-08-25 18:12:09 [SEVERE] 	at mod_HariboteAirCraft.load(mod_HariboteAirCraft.java:78)
2013-08-25 18:12:09 [SEVERE] 	at cpw.mods.fml.common.modloader.ModLoaderModContainer.init(ModLoaderModContainer.java:538)
2013-08-25 18:12:09 [SEVERE] 	at sun.reflect.NativeMethodAccessorImpl.invoke0(Native Method)
2013-08-25 18:12:09 [SEVERE] 	at sun.reflect.NativeMethodAccessorImpl.invoke(NativeMethodAccessorImpl.java:57)
2013-08-25 18:12:09 [SEVERE] 	at sun.reflect.DelegatingMethodAccessorImpl.invoke(DelegatingMethodAccessorImpl.java:43)
2013-08-25 18:12:09 [SEVERE] 	at java.lang.reflect.Method.invoke(Method.java:606)
2013-08-25 18:12:09 [SEVERE] 	at com.google.common.eventbus.EventHandler.handleEvent(EventHandler.java:74)
2013-08-25 18:12:09 [SEVERE] 	at com.google.common.eventbus.SynchronizedEventHandler.handleEvent(SynchronizedEventHandler.java:45)
2013-08-25 18:12:09 [SEVERE] 	at com.google.common.eventbus.EventBus.dispatch(EventBus.java:313)
2013-08-25 18:12:09 [SEVERE] 	at com.google.common.eventbus.EventBus.dispatchQueuedEvents(EventBus.java:296)
2013-08-25 18:12:09 [SEVERE] 	at com.google.common.eventbus.EventBus.post(EventBus.java:267)
2013-08-25 18:12:09 [SEVERE] 	at cpw.mods.fml.common.LoadController.sendEventToModContainer(LoadController.java:194)
2013-08-25 18:12:09 [SEVERE] 	at cpw.mods.fml.common.LoadController.propogateStateMessage(LoadController.java:174)
2013-08-25 18:12:09 [SEVERE] 	at sun.reflect.NativeMethodAccessorImpl.invoke0(Native Method)
2013-08-25 18:12:09 [SEVERE] 	at sun.reflect.NativeMethodAccessorImpl.invoke(NativeMethodAccessorImpl.java:57)
2013-08-25 18:12:09 [SEVERE] 	at sun.reflect.DelegatingMethodAccessorImpl.invoke(DelegatingMethodAccessorImpl.java:43)
2013-08-25 18:12:09 [SEVERE] 	at java.lang.reflect.Method.invoke(Method.java:606)
2013-08-25 18:12:09 [SEVERE] 	at com.google.common.eventbus.EventHandler.handleEvent(EventHandler.java:74)
2013-08-25 18:12:09 [SEVERE] 	at com.google.common.eventbus.SynchronizedEventHandler.handleEvent(SynchronizedEventHandler.java:45)
2013-08-25 18:12:09 [SEVERE] 	at com.google.common.eventbus.EventBus.dispatch(EventBus.java:313)
2013-08-25 18:12:09 [SEVERE] 	at com.google.common.eventbus.EventBus.dispatchQueuedEvents(EventBus.java:296)
2013-08-25 18:12:09 [SEVERE] 	at com.google.common.eventbus.EventBus.post(EventBus.java:267)
2013-08-25 18:12:09 [SEVERE] 	at cpw.mods.fml.common.LoadController.distributeStateMessage(LoadController.java:105)
2013-08-25 18:12:09 [SEVERE] 	at cpw.mods.fml.common.Loader.initializeMods(Loader.java:697)
2013-08-25 18:12:09 [SEVERE] 	at cpw.mods.fml.server.FMLServerHandler.finishServerLoading(FMLServerHandler.java:94)
2013-08-25 18:12:09 [SEVERE] 	at cpw.mods.fml.common.FMLCommonHandler.onServerStarted(FMLCommonHandler.java:355)
2013-08-25 18:12:09 [SEVERE] 	at net.minecraft.server.dedicated.DedicatedServer.func_71197_b(DedicatedServer.java:166)
2013-08-25 18:12:09 [SEVERE] 	at net.minecraft.server.MinecraftServer.run(MinecraftServer.java:596)
2013-08-25 18:12:09 [SEVERE] 	at net.minecraft.server.ThreadMinecraftServer.run(ThreadMinecraftServer.java:16)
2013-08-25 18:12:09 [SEVERE] Caused by: java.lang.ClassNotFoundException: net.minecraft.client.settings.KeyBinding
2013-08-25 18:12:09 [SEVERE] 	at net.minecraft.launchwrapper.LaunchClassLoader.findClass(LaunchClassLoader.java:179)
2013-08-25 18:12:09 [SEVERE] 	at java.lang.ClassLoader.loadClass(ClassLoader.java:424)
2013-08-25 18:12:09 [SEVERE] 	at java.lang.ClassLoader.loadClass(ClassLoader.java:357)
2013-08-25 18:12:09 [SEVERE] 	... 30 more
2013-08-25 18:12:09 [SEVERE] Caused by: java.lang.RuntimeException: Attempted to load class atp for invalid side SERVER
2013-08-25 18:12:09 [SEVERE] 	at cpw.mods.fml.common.asm.transformers.SideTransformer.transform(SideTransformer.java:50)
2013-08-25 18:12:09 [SEVERE] 	at net.minecraft.launchwrapper.LaunchClassLoader.runTransformers(LaunchClassLoader.java:267)
2013-08-25 18:12:09 [SEVERE] 	at net.minecraft.launchwrapper.LaunchClassLoader.findClass(LaunchClassLoader.java:165)
2013-08-25 18:12:09 [SEVERE] 	... 32 more
2013-08-25 18:12:09 [INFO] Preparing level "Mystt World"
2013-08-25 18:12:09 [INFO] Registered command debug with permission node vanilla.command.debug
2013-08-25 18:12:09 [INFO] Registered command spreadplayers with permission node vanilla.command.spreadplayers
2013-08-25 18:12:09 [INFO] Registered command playsound with permission node vanilla.command.playsound
2013-08-25 18:12:09 [INFO] Registered command scoreboard with permission node vanilla.command.scoreboard
2013-08-25 18:12:09 [INFO] Preparing start region for level 0 (Dimension: 0, Seed: -483670165038089527)
2013-08-25 18:12:10 [INFO] Preparing start region for level 1 (Dimension: 1, Seed: -5099355886400189523)
2013-08-25 18:12:11 [INFO] Preparing spawn area: 50%
2013-08-25 18:12:12 [INFO] Preparing start region for level 2 (Dimension: -1, Seed: -5099355886400189523)
2013-08-25 18:12:13 [INFO] Preparing spawn area: 18%
2013-08-25 18:12:14 [INFO] Preparing spawn area: 40%
2013-08-25 18:12:15 [INFO] Preparing spawn area: 63%
2013-08-25 18:12:16 [INFO] Preparing spawn area: 85%
2013-08-25 18:12:17 [INFO] Server permissions file permissions.yml is empty, ignoring it
2013-08-25 18:12:17 [INFO] Done (7,759s)! For help, type "help" or "?"
2013-08-25 18:13:17 [SEVERE] Reached end of stream for /92.155.198.4
2013-08-25 18:13:21 [INFO] Disconnecting mystt [/92.155.198.4:52370]: The server requires mods that are absent or out of date on your client
2013-08-25 18:13:21 [INFO] mystt[/92.155.198.4:52370] logged in with entity id 171 at ([Mystt World] 444.54662814125885, 63.27882135593546, -592.8981340176333)
2013-08-25 18:13:23 [INFO] Connection reset
2013-08-25 18:13:23 [INFO] mystt lost connection: disconnect.closed
2013-08-25 18:13:23 [INFO] §emystt left the game.
2013-08-25 18:15:07 [SEVERE] Reached end of stream for /92.155.198.4
2013-08-25 18:15:11 [INFO] mystt[/92.155.198.4:52405] logged in with entity id 298 at ([Mystt World] 444.54662814125885, 63.27882135593546, -592.8981340176333)
2013-08-25 18:15:23 [INFO] mystt issued server command: /time set 0
2013-08-25 18:21:29 [INFO] Connection reset
2013-08-25 18:21:29 [INFO] mystt lost connection: disconnect.quitting
2013-08-25 18:21:29 [INFO] §emystt left the game.
2013-08-25 18:23:39 [INFO] Starting minecraft server version 1.6.2
2013-08-25 18:23:39 [INFO] MinecraftForge v
2013-08-25 18:23:39 [INFO] 9.10.0.836
2013-08-25 18:23:39 [INFO]  Initialized

2013-08-25 18:23:40 [INFO] Replaced 101 ore recipies
2013-08-25 18:23:42 [INFO] Loading properties
2013-08-25 18:23:42 [INFO] Default game type: SURVIVAL
2013-08-25 18:23:42 [INFO] Generating keypair
2013-08-25 18:23:42 [INFO] Starting Minecraft server on *:25565
2013-08-25 18:23:42 [INFO] This server is running CraftBukkit version git-MCPC-Plus-jenkins-MCPC-Plus-56 (MC: 1.6.2) (Implementing API version 1.6.2-R0.2-SNAPSHOT)
2013-08-25 18:23:43 [WARNING] **** SERVER IS RUNNING IN OFFLINE/INSECURE MODE!
2013-08-25 18:23:43 [WARNING] The server will make no attempt to authenticate usernames. Beware.
2013-08-25 18:23:43 [WARNING] While this makes the game possible to play without internet access, it also opens up the ability for hackers to connect with any username they choose.
2013-08-25 18:23:43 [WARNING] To change this, set "online-mode" to "true" in the server.properties file.
2013-08-25 18:23:43 [INFO] YMTLib-CfgFile load from: ./config/mod_YMTLib.txt
2013-08-25 18:23:43 [INFO]     logConfig = /mod/ymt/cmn/logging.properties
2013-08-25 18:23:43 [INFO]     debug = false
2013-08-25 18:23:43 [INFO]     stdoutIntercept = false
2013-08-25 18:23:43 [INFO] YMTLib-CfgFile load from: ./config/mod_HariboteAirCraft.txt
2013-08-25 18:23:43 [INFO]     blockLimit = 2000
2013-08-25 18:23:43 [INFO]     enable = true
2013-08-25 18:23:43 [INFO]     IdPyxis = 209
2013-08-25 18:23:43 [INFO]     blockTarget = 
2013-08-25 18:23:43 [INFO]     craftBodySize = -1
2013-08-25 18:23:43 [INFO]     blockIgnore = 2, 3, 8, 9, 10, 11, 12, 13, 31, 32, 37, 38, 78, 87, 121
2013-08-25 18:23:43 [INFO]     blockAppend = 
2013-08-25 18:23:43 [INFO]     moveKeepTime = 60
2013-08-25 18:23:43 [SEVERE] java.lang.NoClassDefFoundError: net/minecraft/client/settings/KeyBinding
2013-08-25 18:23:43 [SEVERE] 	at mod.ymt.air.ClientKeyBinder.<init>(ClientKeyBinder.java:27)
2013-08-25 18:23:43 [SEVERE] 	at mod_HariboteAirCraft.load(mod_HariboteAirCraft.java:78)
2013-08-25 18:23:43 [SEVERE] 	at cpw.mods.fml.common.modloader.ModLoaderModContainer.init(ModLoaderModContainer.java:538)
2013-08-25 18:23:43 [SEVERE] 	at sun.reflect.NativeMethodAccessorImpl.invoke0(Native Method)
2013-08-25 18:23:43 [SEVERE] 	at sun.reflect.NativeMethodAccessorImpl.invoke(NativeMethodAccessorImpl.java:57)
2013-08-25 18:23:43 [SEVERE] 	at sun.reflect.DelegatingMethodAccessorImpl.invoke(DelegatingMethodAccessorImpl.java:43)
2013-08-25 18:23:43 [SEVERE] 	at java.lang.reflect.Method.invoke(Method.java:606)
2013-08-25 18:23:43 [SEVERE] 	at com.google.common.eventbus.EventHandler.handleEvent(EventHandler.java:74)
2013-08-25 18:23:43 [SEVERE] 	at com.google.common.eventbus.SynchronizedEventHandler.handleEvent(SynchronizedEventHandler.java:45)
2013-08-25 18:23:43 [SEVERE] 	at com.google.common.eventbus.EventBus.dispatch(EventBus.java:313)
2013-08-25 18:23:43 [SEVERE] 	at com.google.common.eventbus.EventBus.dispatchQueuedEvents(EventBus.java:296)
2013-08-25 18:23:43 [SEVERE] 	at com.google.common.eventbus.EventBus.post(EventBus.java:267)
2013-08-25 18:23:43 [SEVERE] 	at cpw.mods.fml.common.LoadController.sendEventToModContainer(LoadController.java:194)
2013-08-25 18:23:43 [SEVERE] 	at cpw.mods.fml.common.LoadController.propogateStateMessage(LoadController.java:174)
2013-08-25 18:23:43 [SEVERE] 	at sun.reflect.NativeMethodAccessorImpl.invoke0(Native Method)
2013-08-25 18:23:43 [SEVERE] 	at sun.reflect.NativeMethodAccessorImpl.invoke(NativeMethodAccessorImpl.java:57)
2013-08-25 18:23:43 [SEVERE] 	at sun.reflect.DelegatingMethodAccessorImpl.invoke(DelegatingMethodAccessorImpl.java:43)
2013-08-25 18:23:43 [SEVERE] 	at java.lang.reflect.Method.invoke(Method.java:606)
2013-08-25 18:23:43 [SEVERE] 	at com.google.common.eventbus.EventHandler.handleEvent(EventHandler.java:74)
2013-08-25 18:23:43 [SEVERE] 	at com.google.common.eventbus.SynchronizedEventHandler.handleEvent(SynchronizedEventHandler.java:45)
2013-08-25 18:23:43 [SEVERE] 	at com.google.common.eventbus.EventBus.dispatch(EventBus.java:313)
2013-08-25 18:23:43 [SEVERE] 	at com.google.common.eventbus.EventBus.dispatchQueuedEvents(EventBus.java:296)
2013-08-25 18:23:43 [SEVERE] 	at com.google.common.eventbus.EventBus.post(EventBus.java:267)
2013-08-25 18:23:43 [SEVERE] 	at cpw.mods.fml.common.LoadController.distributeStateMessage(LoadController.java:105)
2013-08-25 18:23:43 [SEVERE] 	at cpw.mods.fml.common.Loader.initializeMods(Loader.java:697)
2013-08-25 18:23:43 [SEVERE] 	at cpw.mods.fml.server.FMLServerHandler.finishServerLoading(FMLServerHandler.java:94)
2013-08-25 18:23:43 [SEVERE] 	at cpw.mods.fml.common.FMLCommonHandler.onServerStarted(FMLCommonHandler.java:355)
2013-08-25 18:23:43 [SEVERE] 	at net.minecraft.server.dedicated.DedicatedServer.func_71197_b(DedicatedServer.java:166)
2013-08-25 18:23:43 [SEVERE] 	at net.minecraft.server.MinecraftServer.run(MinecraftServer.java:596)
2013-08-25 18:23:43 [SEVERE] 	at net.minecraft.server.ThreadMinecraftServer.run(ThreadMinecraftServer.java:16)
2013-08-25 18:23:43 [SEVERE] Caused by: java.lang.ClassNotFoundException: net.minecraft.client.settings.KeyBinding
2013-08-25 18:23:43 [SEVERE] 	at net.minecraft.launchwrapper.LaunchClassLoader.findClass(LaunchClassLoader.java:179)
2013-08-25 18:23:43 [SEVERE] 	at java.lang.ClassLoader.loadClass(ClassLoader.java:424)
2013-08-25 18:23:43 [SEVERE] 	at java.lang.ClassLoader.loadClass(ClassLoader.java:357)
2013-08-25 18:23:43 [SEVERE] 	... 30 more
2013-08-25 18:23:43 [SEVERE] Caused by: java.lang.RuntimeException: Attempted to load class atp for invalid side SERVER
2013-08-25 18:23:43 [SEVERE] 	at cpw.mods.fml.common.asm.transformers.SideTransformer.transform(SideTransformer.java:50)
2013-08-25 18:23:43 [SEVERE] 	at net.minecraft.launchwrapper.LaunchClassLoader.runTransformers(LaunchClassLoader.java:267)
2013-08-25 18:23:43 [SEVERE] 	at net.minecraft.launchwrapper.LaunchClassLoader.findClass(LaunchClassLoader.java:165)
2013-08-25 18:23:43 [SEVERE] 	... 32 more
2013-08-25 18:23:43 [INFO] Preparing level "Mystt World"
2013-08-25 18:23:43 [INFO] Registered command debug with permission node vanilla.command.debug
2013-08-25 18:23:43 [INFO] Registered command spreadplayers with permission node vanilla.command.spreadplayers
2013-08-25 18:23:43 [INFO] Registered command playsound with permission node vanilla.command.playsound
2013-08-25 18:23:43 [INFO] Registered command scoreboard with permission node vanilla.command.scoreboard
2013-08-25 18:23:43 [INFO] Preparing start region for level 0 (Dimension: 0, Seed: -483670165038089527)
2013-08-25 18:23:44 [INFO] Preparing start region for level 1 (Dimension: 1, Seed: -5099355886400189523)
2013-08-25 18:23:44 [INFO] Preparing start region for level 2 (Dimension: -1, Seed: -5099355886400189523)
2013-08-25 18:23:44 [INFO] Server permissions file permissions.yml is empty, ignoring it
2013-08-25 18:23:45 [INFO] Done (1,593s)! For help, type "help" or "?"
2013-08-25 18:23:45 [SEVERE] Reached end of stream for /92.155.198.4
2013-08-25 18:23:47 [INFO] mystt[/92.155.198.4:52416] logged in with entity id 170 at ([Mystt World] 343.8424688373973, 80.98407742023704, -478.1934770493879)
2013-08-25 18:23:50 [INFO] Connection reset
2013-08-25 18:23:50 [INFO] mystt lost connection: disconnect.quitting
2013-08-25 18:23:50 [INFO] §emystt left the game.
2013-08-25 18:24:25 [SEVERE] Reached end of stream for /92.155.198.4
2013-08-25 18:24:27 [INFO] Disconnecting Galterro [/92.155.198.4:53300]: You do not have FML installed, you cannot connect to this server
2013-08-25 18:24:27 [INFO] Galterro[/92.155.198.4:53300] logged in with entity id 222 at ([Mystt World] 356.08167295063083, 63.0, -409.6707214048693)
2013-08-25 18:24:27 [SEVERE] Reached end of stream for /92.155.198.4
2013-08-25 18:24:27 [INFO] Galterro lost connection: disconnect.endOfStream
2013-08-25 18:24:27 [INFO] §eGalterro left the game.
2013-08-25 18:25:10 [SEVERE] Reached end of stream for /92.155.198.4
2013-08-25 18:36:17 [SEVERE] Reached end of stream for /92.155.198.4
2013-08-25 18:36:19 [INFO] Galterro[/92.155.198.4:54146] logged in with entity id 277 at ([Mystt World] 356.08167295063083, 63.0, -409.6707214048693)
2013-08-25 18:36:56 [INFO] Galterro lost connection: disconnect.quitting
2013-08-25 18:36:56 [INFO] Connection reset
2013-08-25 18:36:56 [INFO] §eGalterro left the game.
